<?xml version="1.0" encoding="UTF-8"?>
<testsuite name="ohtu.verkkokauppa.KauppaTest" tests="6" skipped="0" failures="0" errors="0" timestamp="2019-11-25T15:56:00" hostname="lx8-fuxi042" time="0.889">
  <properties/>
  <testcase name="kahdenOstoksenPaaytyttyaPankinMetodiaTilisiirtoKutsutaanOikeallaArvolla" classname="ohtu.verkkokauppa.KauppaTest" time="0.871"/>
  <testcase name="kaksiSamaaOstostaPaaytyttyaPankinMetodiaTilisiirtoKutsutaanOikeallaArvolla" classname="ohtu.verkkokauppa.KauppaTest" time="0.003"/>
  <testcase name="yksiOstostaJotaOnJaYksiJotaEiOlePaaytyttyaPankinMetodiaTilisiirtoKutsutaanOikeallaArvolla" classname="ohtu.verkkokauppa.KauppaTest" time="0.002"/>
  <testcase name="ostoksenPaaytyttyaPankinMetodiaTilisiirtoKutsutaan" classname="ohtu.verkkokauppa.KauppaTest" time="0.003"/>
  <testcase name="yksiOstostaJotaOnJaYksiJotaPoistetaanPaaytyttyaPankinMetodiaTilisiirtoKutsutaanOikeallaArvolla" classname="ohtu.verkkokauppa.KauppaTest" time="0.005"/>
  <testcase name="ostoksenPaaytyttyaPankinMetodiaTilisiirtoKutsutaanOikeallaArvolla" classname="ohtu.verkkokauppa.KauppaTest" time="0.003"/>
  <system-out><![CDATA[]]></system-out>
  <system-err><![CDATA[]]></system-err>
</testsuite>
